Arguments: 
  C:\Program Files\nodejs\node.exe C:\Users\HoangCongQuy\AppData\Roaming\npm\node_modules\yarn\bin\yarn.js add react-swipeable-views

PATH: 
  C:\Users\HoangCongQuy\bin;C:\Program Files\Git\mingw64\bin;C:\Program Files\Git\usr\local\bin;C:\Program Files\Git\usr\bin;C:\Program Files\Git\usr\bin;C:\Program Files\Git\mingw64\bin;C:\Program Files\Git\usr\bin;C:\Users\HoangCongQuy\bin;C:\WINDOWS\system32;C:\WINDOWS;C:\WINDOWS\System32\Wbem;C:\WINDOWS\System32\WindowsPowerShell\v1.0;C:\WINDOWS\System32\OpenSSH;C:\Program Files\Git\cmd;%NVM_HOME%;%NVM_SYMLINK%;C:\Users\HoangCongQuy\AppData\Local\Microsoft\WindowsApps;C:\Users\HoangCongQuy\AppData\Local\Programs\Microsoft VS Code\bin;C:\Users\HoangCongQuy\AppData\Roaming\npm;C:\Users\HoangCongQuy\AppData\Roaming\nvm;C:\Program Files\nodejs;C:\Program Files\Git\usr\bin\vendor_perl;C:\Program Files\Git\usr\bin\core_perl

Yarn version: 
  1.22.17

Node version: 
  16.14.0

Platform: 
  win32 x64

Trace: 
  Error: EPERM: operation not permitted, unlink 'C:\Users\HoangCongQuy\movie-app\node_modules\esbuild-windows-64\esbuild.exe'

npm manifest: 
  {
    "private": true,
    "name": "remix-app-template",
    "description": "",
    "license": "",
    "scripts": {
      "build": "remix build",
      "dev": "remix watch",
      "postinstall": "remix setup cloudflare-workers",
      "build:worker": "esbuild --define:process.env.NODE_ENV='\"production\"' --minify --bundle --sourcemap --outdir=dist ./worker",
      "dev:worker": "esbuild --define:process.env.NODE_ENV='\"development\"' --bundle --sourcemap --outdir=dist ./worker",
      "start": "miniflare --build-command \"npm run dev:worker\" --watch",
      "deploy": "npm run build && wrangler publish"
    },
    "dependencies": {
      "@material-ui/core": "^4.12.3",
      "@remix-run/cloudflare-workers": "^1.1.3",
      "@remix-run/react": "^1.1.3",
      "react": "^17.0.2",
      "react-dom": "^17.0.2",
      "remix": "^1.1.3"
    },
    "devDependencies": {
      "@cloudflare/workers-types": "^2.2.2",
      "@remix-run/dev": "^1.1.3",
      "@types/react": "^17.0.24",
      "@types/react-dom": "^17.0.9",
      "esbuild": "0.13.14",
      "miniflare": "2.0.0-next.3",
      "typescript": "^4.1.2"
    },
    "engines": {
      "node": ">=14"
    },
    "sideEffects": false,
    "main": "dist/worker.js"
  }

yarn manifest: 
  No manifest

Lockfile: 
  No lockfile
